════════════════════════════════════════════════════════════════════════════
  CONGESTION OCCURRENCE — SHADOW-PRICE EXTRACTION
════════════════════════════════════════════════════════════════════════════
Host              : n-62-12-48
Date              : Tue Apr 28 15:15:57 CEST 2026
Python            : /zhome/26/e/209460/venvs/kupferzell/bin/python3
Scenario          : full
Congestion method : dual
Target area       : custom_lines
Custom lines      : 262,350,328,179,334,269,341,312,270,178,310,176,94,277,95,276,79,80,267,316,177,311
Network           : /zhome/26/e/209460/PycharmProjects/pypsa-eur/results/kupferzell_2024_full/networks/base_s_256_elec_.nc
Output dir        : /zhome/26/e/209460/PycharmProjects/Battery_Congestion_Alleviation/results/kupferzell_full/congestion_occurrence
Threshold         : 0.98  (N-1: 1.00)
Min voltage       : 0 kV
Req. lines        : <all lines in target area>
════════════════════════════════════════════════════════════════════════════

Executing: python3 /zhome/26/e/209460/PycharmProjects/Battery_Congestion_Alleviation/congestion_occurence_pypsa.py --network /zhome/26/e/209460/PycharmProjects/pypsa-eur/results/kupferzell_2024_full/networks/base_s_256_elec_.nc --output-dir /zhome/26/e/209460/PycharmProjects/Battery_Congestion_Alleviation/results --threshold 0.98 --threshold-n1 1.00 --minimum-voltage 0 --method dual --target-area custom_lines --custom-lines 262,350,328,179,334,269,341,312,270,178,310,176,94,277,95,276,79,80,267,316,177,311

  [saved] corridor_congestion_shadow_wide_2025.csv  (8760 hours × 22 corridor lines)
  [saved] corridor_congestion_shadow_long_2025.csv  (53581 congested line-hours)
  [saved] corridor_congestion_concurrency_2025.csv

  Concurrency breakdown:
 n_congested_lines  hours  share_pct
                 4     65       0.74
                 5   2320      26.48
                 6   4029      45.99
                 7   1436      16.39
                 8    695       7.93
                 9    215       2.45
Scenario         : kupferzell_full
Method           : dual
Target area      : custom_lines (resolved: custom_lines)
Minimum voltage  : 0.0 kV
Excluded by v    : 0
Analyzed lines   : 22
Threshold load   : 0.980
Binding-hour tol : 1.0e-03 EUR/MWh
Total rent       : 165.35 M EUR
Congested line-h : 91965
Lines with >=1h  : 15 of 22
Saved congestion outputs in: /zhome/26/e/209460/PycharmProjects/Battery_Congestion_Alleviation/results/kupferzell_full/congestion_occurrence

════════════════════════════════════════════════════════════════════════════
  STEP 2 — POST-PROCESSING SUPPLEMENT
════════════════════════════════════════════════════════════════════════════
Loading network …
Corridor lines (from mu_upper columns): 22
[saved] corridor_s_nom_2025.csv  (22 lines)
[saved] corridor_f_base_abs_mw_2025.csv  (8760 h x 22 lines)
[saved] corridor_congestion_shadow_long_2025.csv  (37816 congested line-hours, dual_tol=1e-3)
[saved] corridor_congestion_shadow_wide_2025.csv
[saved] corridor_congestion_concurrency_2025.csv

Summary (dual_tol=1e-3): 8760 congested hours, 37816 line-hours

Top 5 lines by congested hours (use for TARGET_LINE in one-line / simple alleviation):
  179                                       cong_h=8732  rent_proxy=       12296
  277                                       cong_h=8034  rent_proxy=       12260
  95                                        cong_h=7699  rent_proxy=        9175
  176                                       cong_h=7543  rent_proxy=      146630
  350                                       cong_h=3445  rent_proxy=        3722

════════════════════════════════════════════════════════════════════════════
Congestion occurrence step completed.

Key output files in /zhome/26/e/209460/PycharmProjects/Battery_Congestion_Alleviation/results/kupferzell_full/congestion_occurrence :
  [ALL METHODS]       congestion_corridor_dual_2025_mu_upper.csv
  [ALL METHODS]       corridor_s_nom_2025.csv
  [ONE-LINE/OPTIMAL]  corridor_f_base_abs_mw_2025.csv
  [DIAGNOSTICS]       corridor_congestion_shadow_long_2025.csv
  [DIAGNOSTICS]       corridor_congestion_concurrency_2025.csv

Next: submit job_congestion_alleviation.sh with
  SCENARIO=full  CONGESTION_METHOD=dual
════════════════════════════════════════════════════════════════════════════

------------------------------------------------------------
Sender: LSF System <lsfadmin@hpc.dtu.dk>
Subject: Job 28315094: <pypsa_congestion_count> in cluster <dcc> Exited

Job <pypsa_congestion_count> was submitted from host <hpclogin1> by user <jcdbl> in cluster <dcc> at Tue Apr 28 15:15:28 2026
Job was executed on host(s) <8*n-62-12-48>, in queue <man>, as user <jcdbl> in cluster <dcc> at Tue Apr 28 15:15:30 2026
</zhome/26/e/209460> was used as the home directory.
</zhome/26/e/209460/PycharmProjects/Battery_Congestion_Alleviation> was used as the working directory.
Started at Tue Apr 28 15:15:30 2026
Terminated at Tue Apr 28 15:17:02 2026
Results reported at Tue Apr 28 15:17:02 2026

Your job looked like:

------------------------------------------------------------
# LSBATCH: User input
#!/usr/bin/env bash
#BSUB -q man
#BSUB -J pypsa_congestion_count
#BSUB -n 8
#BSUB -R "span[hosts=1]"
#BSUB -R "rusage[mem=8GB]"
#BSUB -M 8GB
#BSUB -W 08:00
#BSUB -o hpc_output_and_error_files/Output_Congestion_count_%J.out
#BSUB -e hpc_output_and_error_files/Output_Congestion_count_%J.err

set -euo pipefail

# ══════════════════════════════════════════════════════════════════════════════
# CONGESTION OCCURRENCE — PyPSA shadow-price extraction
#
# Run this script once before any alleviation job.
# Set the three TOGGLES below; everything else is auto-derived.
# ══════════════════════════════════════════════════════════════════════════════

# ┌─────────────────────────────────────────────────────────────────────────────
# │  TOGGLES  — the only lines you need to edit before submitting
# ├─────────────────────────────────────────────────────────────────────────────
SCENARIO="full"             # simple | full
CONGESTION_METHOD="dual"      # dual | loading | n_minus_1 | redispatch_trigger
TARGET_AREA="custom_lines"  # kupferzell_node | kupferzell_corridor | kupferzell_brochure_line_selection | custom_lines | all

# Optional: pass custom lines instead of using target_area.
# Format: comma-separated IDs, e.g. "111,222,333" or "Line 5234, Line 5235"
# When set, custom_lines overrides target_area selection.
CUSTOM_LINES="262,350,328,179,334,269,341,312,270,178,310,176,94,277,95,276,79,80,267,316,177,311"               # e.g. "Line 5234, Line 5235" — leave empty to use target_area
# └─────────────────────────────────────────────────────────────────────────────

# ── Less-commonly changed parameters ──────────────────────────────────────────
SIM_YEAR="2025"
THRESHOLD="0.98"              # loading threshold  (loading / n_minus_1 methods)
THRESHOLD_N1="1.00"           # post-contingency threshold  (n_minus_1 only)
MINIMUM_VOLTAGE="0"           # minimum line voltage [kV]; 0 = no filter
REQUESTED_LINES=""            # comma-separated line ids to restrict; empty = all

# ── Fixed project paths ───────────────────────────────────────────────────────
PROJECT_DIR="/zhome/26/e/209460/PycharmProjects/Battery_Congestion_Alleviation"
PYPSA_EUR_DIR="/zhome/26/e/209460/PycharmProjects/pypsa-eur"
VENV_ACTIVATE="/zhome/26/e/209460/venvs/kupferzell/bin/activate"
CONGESTION_SCRIPT="${PROJECT_DIR}/congestion_occurence_pypsa.py"

# ── Derived paths (auto-set from toggles — do not edit) ───────────────────────
NETWORK_PATH="${PYPSA_EUR_DIR}/results/kupferzell_2024_${SCENARIO}/networks/base_s_256_elec_.nc"
OUTPUT_ROOT="${PROJECT_DIR}/results"
OCC_DIR="${OUTPUT_ROOT}/kupferzell_${SCENARIO}/congestion_occurrence"

(... more ...)
------------------------------------------------------------

Exited with exit code 71.

Resource usage summary:

    CPU time :                                   48.41 sec.
    Max Memory :                                 7 MB
    Average Memory :                             7.00 MB
    Total Requested Memory :                     65536.00 MB
    Delta Memory :                               65529.00 MB
    Max Swap :                                   -
    Max Processes :                              4
    Max Threads :                                5
    Run time :                                   92 sec.
    Turnaround time :                            94 sec.

The output (if any) is above this job summary.



PS:

Read file <hpc_output_and_error_files/Output_Congestion_count_28315094.err> for stderr output of this job.

