════════════════════════════════════════════════════════════════════════════
  PYPSA POST-PROCESSING
════════════════════════════════════════════════════════════════════════════
Host              : n-62-12-34
Date              : Tue Apr 28 15:15:08 CEST 2026
Python            : /zhome/26/e/209460/venvs/kupferzell/bin/python3
Scenario          : simple
Mode              : pypsa-validation
Network           : /zhome/26/e/209460/PycharmProjects/pypsa-eur/results/kupferzell_2024_simple/networks/base_s_256_elec_.nc
Validation dir    : /zhome/26/e/209460/PycharmProjects/Battery_Congestion_Alleviation/results/kupferzell_simple/pypsa-validation
Congestion dir    : /zhome/26/e/209460/PycharmProjects/Battery_Congestion_Alleviation/results/kupferzell_simple/congestion_occurrence
Powerplants CSV   : /zhome/26/e/209460/PycharmProjects/pypsa-eur/resources/kupferzell_2024_simple/powerplants_s_256.csv
Threshold         : 0.98  (N-1: 1.00)
Method            : dual
Target area       : custom_lines
════════════════════════════════════════════════════════════════════════════
Validation scenario: kupferzell_simple
Validation files written to: /zhome/26/e/209460/PycharmProjects/Battery_Congestion_Alleviation/results/kupferzell_simple/pypsa-validation
Top-level checks:
                 check status            detail
     snapshots_present   pass               744
    line_flows_present   pass        (744, 414)
    lines_t.p0_aligned   pass  shape=(744, 414)
generators_t.p_aligned   pass shape=(744, 2391)
 loads_t.p_set_aligned   pass  shape=(744, 254)
      load_nonnegative   pass  min=140241.14 MW
   load_shed_share_pct   pass           0.0004%
      objective_finite   pass     2547629164.98
Model fidelity overview:
                                          metric          value  unit
                            total_generation_twh     151.786272   TWh
                              total_installed_mw  564730.738885    MW
                             total_load_shed_mwh     562.727523   MWh
                        hours_with_load_shedding            131 hours
                             load_shed_share_pct       0.000398     %
                    max_country_capacity_gap_pct       3.296591     %
max_country_carrier_capacity_gap_pct_ref_ge_10mw      18.453279     %
             max_country_carrier_capacity_gap_mw         787.01    MW
                                objective_finite           True  bool
Eurostat annual totals scaled to simulation window with factor: 0.084699
Generation mix pypsa-validation files written to: /zhome/26/e/209460/PycharmProjects/Battery_Congestion_Alleviation/results/kupferzell_simple/pypsa-validation/generation_mix

════════════════════════════════════════════════════════════════════════════
Post-processing completed successfully.
  Validation outputs : /zhome/26/e/209460/PycharmProjects/Battery_Congestion_Alleviation/results/kupferzell_simple/pypsa-validation
  Congestion outputs : /zhome/26/e/209460/PycharmProjects/Battery_Congestion_Alleviation/results/kupferzell_simple/congestion_occurrence
════════════════════════════════════════════════════════════════════════════

------------------------------------------------------------
Sender: LSF System <lsfadmin@hpc.dtu.dk>
Subject: Job 28315089: <pypsa_postprocess> in cluster <dcc> Done

Job <pypsa_postprocess> was submitted from host <hpclogin1> by user <jcdbl> in cluster <dcc> at Tue Apr 28 15:15:05 2026
Job was executed on host(s) <8*n-62-12-34>, in queue <man>, as user <jcdbl> in cluster <dcc> at Tue Apr 28 15:15:07 2026
</zhome/26/e/209460> was used as the home directory.
</zhome/26/e/209460/PycharmProjects/Battery_Congestion_Alleviation> was used as the working directory.
Started at Tue Apr 28 15:15:07 2026
Terminated at Tue Apr 28 15:15:41 2026
Results reported at Tue Apr 28 15:15:41 2026

Your job looked like:

------------------------------------------------------------
# LSBATCH: User input
#!/usr/bin/env bash
#BSUB -q man
#BSUB -J pypsa_postprocess
#BSUB -n 8
#BSUB -R "span[hosts=1]"
#BSUB -R "rusage[mem=8GB]"
#BSUB -M 8GB
#BSUB -W 08:00
#BSUB -o hpc_output_and_error_files/Output_Postprocessing_%J.out
#BSUB -e hpc_output_and_error_files/Output_Postprocessing_%J.err

set -euo pipefail

# ══════════════════════════════════════════════════════════════════════════════
# PYPSA POST-PROCESSING — validation + congestion extraction
#
# Set the TOGGLES below; everything else is auto-derived.
# ══════════════════════════════════════════════════════════════════════════════

# ┌─────────────────────────────────────────────────────────────────────────────
# │  TOGGLES  — the only lines you need to edit before submitting
# ├─────────────────────────────────────────────────────────────────────────────
SCENARIO="simple"             # simple | full
MODE="pypsa-validation"       # pypsa-validation | congestion | orchestrator | all
                              # Default is pypsa-validation: job_congestion_occurrence_pypsa.sh
                              # is the single source of truth for congestion_occurrence/ files.
TARGET_AREA="custom_lines"
CUSTOM_LINES="262,350,328,179,334,269,341,312,270,178,310,176,94,277,95,276,79,80,267,316,177,311"
# └─────────────────────────────────────────────────────────────────────────────

# ── Less-commonly changed parameters ──────────────────────────────────────────
THRESHOLD="0.98"
THRESHOLD_N1="1.00"
METHOD="dual"

# ── Fixed project paths ───────────────────────────────────────────────────────
PROJECT_DIR="/zhome/26/e/209460/PycharmProjects/Battery_Congestion_Alleviation"
PYPSA_EUR_DIR="/zhome/26/e/209460/PycharmProjects/pypsa-eur"
VENV_ACTIVATE="/zhome/26/e/209460/venvs/kupferzell/bin/activate"

VALIDATION_SCRIPT="${PROJECT_DIR}/run_validation_pypsa.py"
CONGESTION_SCRIPT="${PROJECT_DIR}/congestion_occurence_pypsa.py"
ORCHESTRATOR_SCRIPT="${PROJECT_DIR}/research_workflow.py"

# ── Derived paths (auto-set from toggles — do not edit) ───────────────────────
NETWORK_PATH="${PYPSA_EUR_DIR}/results/kupferzell_2024_${SCENARIO}/networks/base_s_256_elec_.nc"
RESULTS_ROOT="${PROJECT_DIR}/results"
VALIDATION_OUTPUT_DIR="${RESULTS_ROOT}/kupferzell_${SCENARIO}/pypsa-validation"
CONGESTION_OUTPUT_DIR="${RESULTS_ROOT}/kupferzell_${SCENARIO}/congestion_occurrence"


(... more ...)
------------------------------------------------------------

Successfully completed.

Resource usage summary:

    CPU time :                                   20.74 sec.
    Max Memory :                                 260 MB
    Average Memory :                             260.00 MB
    Total Requested Memory :                     65536.00 MB
    Delta Memory :                               65276.00 MB
    Max Swap :                                   -
    Max Processes :                              4
    Max Threads :                                6
    Run time :                                   33 sec.
    Turnaround time :                            36 sec.

The output (if any) is above this job summary.



PS:

Read file <hpc_output_and_error_files/Output_Postprocessing_28315089.err> for stderr output of this job.

