════════════════════════════════════════════════════════════════════════════
  CONGESTION OCCURRENCE — SHADOW-PRICE EXTRACTION
════════════════════════════════════════════════════════════════════════════
Host              : n-62-12-38
Date              : Thu Apr 30 07:37:20 CEST 2026
Python            : /zhome/26/e/209460/venvs/kupferzell/bin/python3
Scenario          : full
Congestion method : dual
Target area       : custom_lines
Custom lines      : 262,350,328,179,334,269,341,312,270,178,310,176,94,277,95,276,79,80,267,316,177,311
Network           : /zhome/26/e/209460/PycharmProjects/pypsa-eur/results/kupferzell_2024_full/networks/base_s_256_elec_.nc
Output dir        : /zhome/26/e/209460/PycharmProjects/Battery_Congestion_Alleviation/results/kupferzell_full/congestion_occurrence
Threshold         : 0.98  (N-1: 1.00)
Min voltage       : 220 kV
Req. lines        : <all lines in target area>
════════════════════════════════════════════════════════════════════════════

Executing: python3 /zhome/26/e/209460/PycharmProjects/Battery_Congestion_Alleviation/congestion_occurence_pypsa.py --network /zhome/26/e/209460/PycharmProjects/pypsa-eur/results/kupferzell_2024_full/networks/base_s_256_elec_.nc --output-dir /zhome/26/e/209460/PycharmProjects/Battery_Congestion_Alleviation/results --threshold 0.98 --threshold-n1 1.00 --minimum-voltage 220 --method dual --target-area custom_lines --custom-lines 262,350,328,179,334,269,341,312,270,178,310,176,94,277,95,276,79,80,267,316,177,311

  [saved] corridor_congestion_shadow_wide_step1_raw_2025.csv  (8760 hours × 22 corridor lines)
  [saved] corridor_congestion_shadow_long_step1_raw_2025.csv  (9973 congested line-hours)
  [saved] corridor_congestion_concurrency_2025.csv

  Concurrency breakdown:
 n_congested_lines  hours  share_pct
                 1   5166      68.93
                 2   2180      29.09
                 3    149       1.99
Scenario         : kupferzell_full
Method           : dual
Target area      : custom_lines (resolved: custom_lines)
Minimum voltage  : 220.0 kV
Excluded by v    : 0
Analyzed lines   : 22
Threshold load   : 0.980
Binding-hour tol : 1.0e-01 EUR/MWh
Total rent       : 165.35 M EUR
Congested line-h : 9973
Lines with >=1h  : 8 of 22
Saved congestion outputs in: /zhome/26/e/209460/PycharmProjects/Battery_Congestion_Alleviation/results/kupferzell_full/congestion_occurrence

════════════════════════════════════════════════════════════════════════════
  STEP 2 — POST-PROCESSING SUPPLEMENT
════════════════════════════════════════════════════════════════════════════
Loading network …
Corridor lines (from mu_upper columns): 22
[saved] corridor_s_nom_2025.csv  (22 lines)
[saved] corridor_f_base_abs_mw_2025.csv  (8760 h x 22 lines)
[saved] corridor_congestion_shadow_long_2025.csv  (9973 congested line-hours, dual_tol=0.1)
[saved] corridor_congestion_shadow_wide_2025.csv
[saved] corridor_congestion_concurrency_2025.csv

Summary (dual_tol=0.1): 7495 congested hours, 9973 line-hours

Top 5 lines by congested hours (use for TARGET_LINE in one-line / simple alleviation):
  178                                       cong_h=4406  rent_proxy=    80613843
  310                                       cong_h=3644  rent_proxy=    37641675
  94                                        cong_h=1168  rent_proxy=    29188399
  350                                       cong_h= 552  rent_proxy=     4629404
  79                                        cong_h=  78  rent_proxy=    11546682

════════════════════════════════════════════════════════════════════════════
Congestion occurrence step completed.

Key output files in /zhome/26/e/209460/PycharmProjects/Battery_Congestion_Alleviation/results/kupferzell_full/congestion_occurrence :
  [ALL METHODS]       congestion_corridor_dual_2025_mu_upper.csv
  [ALL METHODS]       corridor_s_nom_2025.csv
  [ONE-LINE/OPTIMAL]  corridor_f_base_abs_mw_2025.csv
  [DIAGNOSTICS]       corridor_congestion_shadow_long_2025.csv
  [DIAGNOSTICS]       corridor_congestion_concurrency_2025.csv

Next: submit job_congestion_alleviation.sh with
  SCENARIO=full  CONGESTION_METHOD=dual
════════════════════════════════════════════════════════════════════════════

------------------------------------------------------------
Sender: LSF System <lsfadmin@hpc.dtu.dk>
Subject: Job 28328148: <pypsa_congestion_count> in cluster <dcc> Done

Job <pypsa_congestion_count> was submitted from host <hpclogin1> by user <jcdbl> in cluster <dcc> at Thu Apr 30 07:37:18 2026
Job was executed on host(s) <8*n-62-12-38>, in queue <man>, as user <jcdbl> in cluster <dcc> at Thu Apr 30 07:37:19 2026
</zhome/26/e/209460> was used as the home directory.
</zhome/26/e/209460/PycharmProjects/Battery_Congestion_Alleviation> was used as the working directory.
Started at Thu Apr 30 07:37:19 2026
Terminated at Thu Apr 30 07:38:13 2026
Results reported at Thu Apr 30 07:38:13 2026

Your job looked like:

------------------------------------------------------------
# LSBATCH: User input
#!/usr/bin/env bash
#BSUB -q man
#BSUB -J pypsa_congestion_count
#BSUB -n 8
#BSUB -R "span[hosts=1]"
#BSUB -R "rusage[mem=8GB]"
#BSUB -M 8GB
#BSUB -W 08:00
#BSUB -o hpc_output_and_error_files/Output_Congestion_count_%J.out
#BSUB -e hpc_output_and_error_files/Output_Congestion_count_%J.err

set -euo pipefail

# ══════════════════════════════════════════════════════════════════════════════
# CONGESTION OCCURRENCE — PyPSA shadow-price extraction
#
# Run this script once before any alleviation job.
# Set the three TOGGLES below; everything else is auto-derived.
# ══════════════════════════════════════════════════════════════════════════════

# ┌─────────────────────────────────────────────────────────────────────────────
# │  TOGGLES  — the only lines you need to edit before submitting
# ├─────────────────────────────────────────────────────────────────────────────
SCENARIO="full"             # simple | full
CONGESTION_METHOD="dual"      # dual | loading | n_minus_1 | redispatch_trigger
TARGET_AREA="custom_lines"  # kupferzell_node | kupferzell_corridor | kupferzell_brochure_line_selection | custom_lines | all

# Optional: pass custom lines instead of using target_area.
# Format: comma-separated IDs, e.g. "111,222,333" or "Line 5234, Line 5235"
# When set, custom_lines overrides target_area selection.
CUSTOM_LINES="262,350,328,179,334,269,341,312,270,178,310,176,94,277,95,276,79,80,267,316,177,311"               # e.g. "Line 5234, Line 5235" — leave empty to use target_area
# └─────────────────────────────────────────────────────────────────────────────

# ── Less-commonly changed parameters ──────────────────────────────────────────
SIM_YEAR="2025"
THRESHOLD="0.98"              # loading threshold  (loading / n_minus_1 methods)
THRESHOLD_N1="1.00"           # post-contingency threshold  (n_minus_1 only)
MINIMUM_VOLTAGE="220"           # minimum line voltage [kV]; 0 = no filter
REQUESTED_LINES=""            # comma-separated line ids to restrict; empty = all

# ── Fixed project paths ───────────────────────────────────────────────────────
PROJECT_DIR="/zhome/26/e/209460/PycharmProjects/Battery_Congestion_Alleviation"
PYPSA_EUR_DIR="/zhome/26/e/209460/PycharmProjects/pypsa-eur"
VENV_ACTIVATE="/zhome/26/e/209460/venvs/kupferzell/bin/activate"
CONGESTION_SCRIPT="${PROJECT_DIR}/congestion_occurence_pypsa.py"

# ── Derived paths (auto-set from toggles — do not edit) ───────────────────────
NETWORK_PATH="${PYPSA_EUR_DIR}/results/kupferzell_2024_${SCENARIO}/networks/base_s_256_elec_.nc"
OUTPUT_ROOT="${PROJECT_DIR}/results"
OCC_DIR="${OUTPUT_ROOT}/kupferzell_${SCENARIO}/congestion_occurrence"

(... more ...)
------------------------------------------------------------

Successfully completed.

Resource usage summary:

    CPU time :                                   41.67 sec.
    Max Memory :                                 728 MB
    Average Memory :                             728.00 MB
    Total Requested Memory :                     65536.00 MB
    Delta Memory :                               64808.00 MB
    Max Swap :                                   -
    Max Processes :                              4
    Max Threads :                                6
    Run time :                                   54 sec.
    Turnaround time :                            55 sec.

The output (if any) is above this job summary.



PS:

Read file <hpc_output_and_error_files/Output_Congestion_count_28328148.err> for stderr output of this job.

