════════════════════════════════════════════════════════════════════════════
  PYPSA POST-PROCESSING
════════════════════════════════════════════════════════════════════════════
Host              : n-62-12-43
Date              : Tue Apr 28 15:15:16 CEST 2026
Python            : /zhome/26/e/209460/venvs/kupferzell/bin/python3
Scenario          : full
Mode              : pypsa-validation
Network           : /zhome/26/e/209460/PycharmProjects/pypsa-eur/results/kupferzell_2024_full/networks/base_s_256_elec_.nc
Validation dir    : /zhome/26/e/209460/PycharmProjects/Battery_Congestion_Alleviation/results/kupferzell_full/pypsa-validation
Congestion dir    : /zhome/26/e/209460/PycharmProjects/Battery_Congestion_Alleviation/results/kupferzell_full/congestion_occurrence
Powerplants CSV   : /zhome/26/e/209460/PycharmProjects/pypsa-eur/resources/kupferzell_2024_full/powerplants_s_256.csv
Threshold         : 0.98  (N-1: 1.00)
Method            : dual
Target area       : custom_lines
════════════════════════════════════════════════════════════════════════════
Validation scenario: kupferzell_full
Validation files written to: /zhome/26/e/209460/PycharmProjects/Battery_Congestion_Alleviation/results/kupferzell_full/pypsa-validation
Top-level checks:
                 check status             detail
     snapshots_present   pass               8760
    line_flows_present   pass        (8760, 414)
    lines_t.p0_aligned   pass  shape=(8760, 414)
generators_t.p_aligned   pass shape=(8760, 2391)
 loads_t.p_set_aligned   pass  shape=(8760, 254)
      load_nonnegative   pass   min=104759.98 MW
   load_shed_share_pct   pass            0.0002%
      objective_finite   pass     23486118324.21
Model fidelity overview:
                                          metric          value  unit
                            total_generation_twh    1485.994204   TWh
                              total_installed_mw  564730.738885    MW
                             total_load_shed_mwh    2792.614928   MWh
                        hours_with_load_shedding           8760 hours
                             load_shed_share_pct       0.000198     %
                    max_country_capacity_gap_pct       3.296591     %
max_country_carrier_capacity_gap_pct_ref_ge_10mw      18.453279     %
             max_country_carrier_capacity_gap_mw         787.01    MW
                                objective_finite           True  bool
Eurostat annual totals scaled to simulation window with factor: 0.997268
Generation mix pypsa-validation files written to: /zhome/26/e/209460/PycharmProjects/Battery_Congestion_Alleviation/results/kupferzell_full/pypsa-validation/generation_mix

════════════════════════════════════════════════════════════════════════════
Post-processing completed successfully.
  Validation outputs : /zhome/26/e/209460/PycharmProjects/Battery_Congestion_Alleviation/results/kupferzell_full/pypsa-validation
  Congestion outputs : /zhome/26/e/209460/PycharmProjects/Battery_Congestion_Alleviation/results/kupferzell_full/congestion_occurrence
════════════════════════════════════════════════════════════════════════════

------------------------------------------------------------
Sender: LSF System <lsfadmin@hpc.dtu.dk>
Subject: Job 28315090: <pypsa_postprocess> in cluster <dcc> Done

Job <pypsa_postprocess> was submitted from host <hpclogin1> by user <jcdbl> in cluster <dcc> at Tue Apr 28 15:15:14 2026
Job was executed on host(s) <8*n-62-12-43>, in queue <man>, as user <jcdbl> in cluster <dcc> at Tue Apr 28 15:15:15 2026
</zhome/26/e/209460> was used as the home directory.
</zhome/26/e/209460/PycharmProjects/Battery_Congestion_Alleviation> was used as the working directory.
Started at Tue Apr 28 15:15:15 2026
Terminated at Tue Apr 28 15:15:57 2026
Results reported at Tue Apr 28 15:15:57 2026

Your job looked like:

------------------------------------------------------------
# LSBATCH: User input
#!/usr/bin/env bash
#BSUB -q man
#BSUB -J pypsa_postprocess
#BSUB -n 8
#BSUB -R "span[hosts=1]"
#BSUB -R "rusage[mem=8GB]"
#BSUB -M 8GB
#BSUB -W 08:00
#BSUB -o hpc_output_and_error_files/Output_Postprocessing_%J.out
#BSUB -e hpc_output_and_error_files/Output_Postprocessing_%J.err

set -euo pipefail

# ══════════════════════════════════════════════════════════════════════════════
# PYPSA POST-PROCESSING — validation + congestion extraction
#
# Set the TOGGLES below; everything else is auto-derived.
# ══════════════════════════════════════════════════════════════════════════════

# ┌─────────────────────────────────────────────────────────────────────────────
# │  TOGGLES  — the only lines you need to edit before submitting
# ├─────────────────────────────────────────────────────────────────────────────
SCENARIO="full"             # simple | full
MODE="pypsa-validation"       # pypsa-validation | congestion | orchestrator | all
                              # Default is pypsa-validation: job_congestion_occurrence_pypsa.sh
                              # is the single source of truth for congestion_occurrence/ files.
TARGET_AREA="custom_lines"
CUSTOM_LINES="262,350,328,179,334,269,341,312,270,178,310,176,94,277,95,276,79,80,267,316,177,311"
# └─────────────────────────────────────────────────────────────────────────────

# ── Less-commonly changed parameters ──────────────────────────────────────────
THRESHOLD="0.98"
THRESHOLD_N1="1.00"
METHOD="dual"

# ── Fixed project paths ───────────────────────────────────────────────────────
PROJECT_DIR="/zhome/26/e/209460/PycharmProjects/Battery_Congestion_Alleviation"
PYPSA_EUR_DIR="/zhome/26/e/209460/PycharmProjects/pypsa-eur"
VENV_ACTIVATE="/zhome/26/e/209460/venvs/kupferzell/bin/activate"

VALIDATION_SCRIPT="${PROJECT_DIR}/run_validation_pypsa.py"
CONGESTION_SCRIPT="${PROJECT_DIR}/congestion_occurence_pypsa.py"
ORCHESTRATOR_SCRIPT="${PROJECT_DIR}/research_workflow.py"

# ── Derived paths (auto-set from toggles — do not edit) ───────────────────────
NETWORK_PATH="${PYPSA_EUR_DIR}/results/kupferzell_2024_${SCENARIO}/networks/base_s_256_elec_.nc"
RESULTS_ROOT="${PROJECT_DIR}/results"
VALIDATION_OUTPUT_DIR="${RESULTS_ROOT}/kupferzell_${SCENARIO}/pypsa-validation"
CONGESTION_OUTPUT_DIR="${RESULTS_ROOT}/kupferzell_${SCENARIO}/congestion_occurrence"


(... more ...)
------------------------------------------------------------

Successfully completed.

Resource usage summary:

    CPU time :                                   25.70 sec.
    Max Memory :                                 284 MB
    Average Memory :                             284.00 MB
    Total Requested Memory :                     65536.00 MB
    Delta Memory :                               65252.00 MB
    Max Swap :                                   -
    Max Processes :                              4
    Max Threads :                                6
    Run time :                                   42 sec.
    Turnaround time :                            43 sec.

The output (if any) is above this job summary.



PS:

Read file <hpc_output_and_error_files/Output_Postprocessing_28315090.err> for stderr output of this job.

