════════════════════════════════════════════════════════════════════════════
  CONGESTION COST ALLEVIATION  — Kupferzell GridBooster 250 MW
════════════════════════════════════════════════════════════════════════════
Host              : n-62-12-34
Date              : Tue Apr 28 15:17:38 CEST 2026
Python            : /zhome/26/e/209460/venvs/kupferzell/bin/python3
Scenario          : simple
Congestion method : dual
Alleviation mode  : optimal_alleviation
Target area       : custom_lines
Custom lines      : 262,350,328,179,334,269,341,312,270,178,310,176,94,277,95,276,79,80,267,316,177,311
Battery MW        : 250
Alpha             : 1.0
Cost year         : 2025
OCC_DIR           : /zhome/26/e/209460/PycharmProjects/Battery_Congestion_Alleviation/results/kupferzell_simple/congestion_occurrence
Output dir        : /zhome/26/e/209460/PycharmProjects/Battery_Congestion_Alleviation/results/kupferzell_simple/congestion_alleviation/optimal_alleviation
════════════════════════════════════════════════════════════════════════════

[METHOD C — OPTIMAL]
  One LOPF re-solve per corridor line; best Δf assigned per hour.
  Runtime scales linearly with the number of corridor lines.

[Step C1] Extracting corridor lines from mu_upper CSV …
[Step C1] Found 22 corridor lines.

  [Skip]  262  (already solved)
  [Skip]  350  (already solved)
  [Skip]  328  (already solved)
  [Skip]  179  (already solved)
  [Skip]  334  (already solved)
  [Skip]  269  (already solved)
  [Skip]  341  (already solved)
  [Skip]  312  (already solved)
  [Skip]  270  (already solved)
  [Skip]  178  (already solved)
  [Skip]  310  (already solved)
  [Skip]  176  (already solved)
  [Solve] 94

------------------------------------------------------------
Sender: LSF System <lsfadmin@hpc.dtu.dk>
Subject: Job 28315103: <pypsa_congestion_alleviation> in cluster <dcc> Exited

Job <pypsa_congestion_alleviation> was submitted from host <hpclogin1> by user <jcdbl> in cluster <dcc> at Tue Apr 28 15:15:57 2026
Job was executed on host(s) <8*n-62-12-34>, in queue <man>, as user <jcdbl> in cluster <dcc> at Tue Apr 28 15:17:37 2026
</zhome/26/e/209460> was used as the home directory.
</zhome/26/e/209460/PycharmProjects/Battery_Congestion_Alleviation> was used as the working directory.
Started at Tue Apr 28 15:17:37 2026
Terminated at Tue Apr 28 15:17:48 2026
Results reported at Tue Apr 28 15:17:48 2026

Your job looked like:

------------------------------------------------------------
# LSBATCH: User input
#!/usr/bin/env bash
#BSUB -q man
#BSUB -J pypsa_congestion_alleviation
#BSUB -n 8
#BSUB -R "span[hosts=1]"
#BSUB -R "rusage[mem=16GB]"
#BSUB -M 16GB
#BSUB -W 12:00
#BSUB -o hpc_output_and_error_files/Output_Congestion_Cost_alleviation_%J.out
#BSUB -e hpc_output_and_error_files/Output_Congestion_Cost_alleviation_%J.err

set -euo pipefail
unset GRB_LICENSE_FILE
export GRB_LICENSE_FILE=$HOME/gurobi/gurobi.lic
# ══════════════════════════════════════════════════════════════════════════════
# CONGESTION COST ALLEVIATION — GridBooster battery (Kupferzell, 250 MW)
#
# Prerequisite: run job_congestion_occurrence_pypsa.sh first, using the same
# SCENARIO and CONGESTION_METHOD as set below.
#
# Three alleviation methods:
#   simple   — binary deployment every congested hour; no extra LOPF solve.
#              Upper-frequency bound on avoided-cost hours.
#   one_line — battery committed to TARGET_LINE for the full year; one LOPF
#              re-solve. Lower bound on avoided volume.
#   optimal  — one LOPF re-solve per corridor line; best Δf assigned per hour.
#              Upper bound on avoided volume.
# ══════════════════════════════════════════════════════════════════════════════

# ┌─────────────────────────────────────────────────────────────────────────────
# │  TOGGLES  — the only lines you need to edit before submitting
# ├─────────────────────────────────────────────────────────────────────────────
SCENARIO="simple"             # simple | full              ← match occurrence job
CONGESTION_METHOD="dual"      # dual | loading | ...       ← match occurrence job
ALLEVIATION_METHOD="optimal_alleviation"     # simple | one_line | optimal_alleviation
TARGET_AREA="custom_lines"  # kupferzell_node | kupferzell_corridor | kupferzell_brochure_line_selection | custom_lines | all  ← match occurrence job

# Optional: pass custom lines instead of using target_area.
# Format: comma-separated IDs or JSON array string, e.g. "111,222,333" or '{"111","222"}'
# When set, custom_lines overrides target_area selection.
CUSTOM_LINES="262,350,328,179,334,269,341,312,270,178,310,176,94,277,95,276,79,80,267,316,177,311"            # e.g. "Line 5234, Line 5235" — leave empty to use target_area

# Optional: override the auto-selected target line for ALLEVIATION_METHOD=one_line.
# When empty (default), the line with the most congested hours (|mu|>1e-3)
# is auto-selected directly from the mu_upper CSV.
TARGET_LINE=""                # e.g. "Line 5234" — leave empty for auto-selection
# └─────────────────────────────────────────────────────────────────────────────

# ── Battery / cost parameters ─────────────────────────────────────────────────
BATTERY_MW="250"

(... more ...)
------------------------------------------------------------

Exited with exit code 2.

Resource usage summary:

    CPU time :                                   5.82 sec.
    Max Memory :                                 -
    Average Memory :                             -
    Total Requested Memory :                     131072.00 MB
    Delta Memory :                               -
    Max Swap :                                   -
    Max Processes :                              -
    Max Threads :                                -
    Run time :                                   11 sec.
    Turnaround time :                            111 sec.

The output (if any) is above this job summary.



PS:

Read file <hpc_output_and_error_files/Output_Congestion_Cost_alleviation_28315103.err> for stderr output of this job.

